<?xml version="1.0" encoding="UTF-8"?>
<!-- Generated by org.testng.reporters.JUnitReportReporter -->
<testsuite hostname="DESKTOP-409UOGL" failures="0" tests="1" name="test.LoginOrangeTest" time="7.005" errors="0" timestamp="2023-05-22T22:28:29 IST" skipped="0">
  <testcase classname="test.LoginOrangeTest" name="orangeLogin" time="7.005"/>
  <system-out/>
</testsuite> <!-- test.LoginOrangeTest -->
