<?xml version="1.0" encoding="UTF-8"?>
<!-- Generated by org.testng.reporters.JUnitReportReporter -->
<testsuite hostname="DESKTOP-409UOGL" failures="0" tests="1" name="test.SearchGoogleTest" time="4.356" errors="0" timestamp="2023-05-22T22:28:29 IST" skipped="0">
  <testcase classname="test.SearchGoogleTest" name="googlesearched" time="4.356"/>
  <system-out/>
</testsuite> <!-- test.SearchGoogleTest -->
